<?xml version="1.0" encoding="UTF-8"?>
<testsuite name="app.tinks.tink.lottery.LotteryScreenTest" tests="5" skipped="0" failures="0" errors="0" timestamp="2026-06-29T12:14:49.616Z" hostname="runnervmmklqx" time="0.574">
  <properties/>
  <testcase name="dashboard_invokesCameraAndHistoryCallbacks" classname="app.tinks.tink.lottery.LotteryScreenTest" time="0.106"/>
  <testcase name="historyStats_rendersStatsAndDeleteAction" classname="app.tinks.tink.lottery.LotteryScreenTest" time="0.093"/>
  <testcase name="reviewScreen_rendersJsonAndSendsSaveEvent" classname="app.tinks.tink.lottery.LotteryScreenTest" time="0.146"/>
  <testcase name="hero_rendersWinningResult" classname="app.tinks.tink.lottery.LotteryScreenTest" time="0.126"/>
  <testcase name="readyTicket_invokesRevealAction" classname="app.tinks.tink.lottery.LotteryScreenTest" time="0.097"/>
  <system-out><![CDATA[]]></system-out>
  <system-err><![CDATA[]]></system-err>
</testsuite>
