<?xml version="1.0" encoding="UTF-8"?>
<testsuite name="app.tinks.tink.lottery.LotteryDtoTest" tests="2" skipped="0" failures="0" errors="0" timestamp="2026-06-29T12:14:49.577Z" hostname="runnervmmklqx" time="0.009">
  <properties/>
  <testcase name="draftToCreateRequest_validatesAndNormalizesIssueAndNumbers" classname="app.tinks.tink.lottery.LotteryDtoTest" time="0.004"/>
  <testcase name="historyDto_mapsBackendFieldsToDomain" classname="app.tinks.tink.lottery.LotteryDtoTest" time="0.005"/>
  <system-out><![CDATA[]]></system-out>
  <system-err><![CDATA[]]></system-err>
</testsuite>
