<?xml version="1.0" encoding="UTF-8"?>
<testsuite name="app.tinks.tink.geography.GeographyScreenTest" tests="2" skipped="0" failures="0" errors="0" timestamp="2026-06-29T12:14:48.309Z" hostname="runnervmmklqx" time="0.57">
  <properties/>
  <testcase name="browseSearch_opensCountryDetailAndFullScreenImage" classname="app.tinks.tink.geography.GeographyScreenTest" time="0.422"/>
  <testcase name="quizMode_switchesQuestionTypes" classname="app.tinks.tink.geography.GeographyScreenTest" time="0.143"/>
  <system-out><![CDATA[]]></system-out>
  <system-err><![CDATA[]]></system-err>
</testsuite>
