<?xml version="1.0" encoding="UTF-8"?>
<testsuite name="app.tinks.tink.haircut.HaircutScreenTest" tests="4" skipped="0" failures="0" errors="0" timestamp="2026-06-29T12:14:48.914Z" hostname="runnervmmklqx" time="0.558">
  <properties/>
  <testcase name="dashboard_rendersWarningStatus_whenDaysAreHigh" classname="app.tinks.tink.haircut.HaircutScreenTest" time="0.075"/>
  <testcase name="dashboard_rendersFreshStatusAndHistory" classname="app.tinks.tink.haircut.HaircutScreenTest" time="0.09"/>
  <testcase name="fabClick_requestsAddDialog" classname="app.tinks.tink.haircut.HaircutScreenTest" time="0.072"/>
  <testcase name="addDialog_submitsValidHaircut" classname="app.tinks.tink.haircut.HaircutScreenTest" time="0.318"/>
  <system-out><![CDATA[]]></system-out>
  <system-err><![CDATA[]]></system-err>
</testsuite>
