<?xml version="1.0" encoding="UTF-8"?>
<testsuite name="app.tinks.tink.lottery.LotteryViewModelTest" tests="6" skipped="0" failures="0" errors="0" timestamp="2026-06-29T12:14:50.193Z" hostname="runnervmmklqx" time="0.034">
  <properties/>
  <testcase name="init_loadsHistoryAndBuildsActiveReadyTicket" classname="app.tinks.tink.lottery.LotteryViewModelTest" time="0.019"/>
  <testcase name="saveDraft_postsLotteryAndRefreshesHistory" classname="app.tinks.tink.lottery.LotteryViewModelTest" time="0.004"/>
  <testcase name="capturePreview_opensEditableReviewDraft" classname="app.tinks.tink.lottery.LotteryViewModelTest" time="0.002"/>
  <testcase name="stateStats_mergeHistoryAndStats" classname="app.tinks.tink.lottery.LotteryViewModelTest" time="0.002"/>
  <testcase name="checkWinningLottery_updatesTicketAndShowsHero" classname="app.tinks.tink.lottery.LotteryViewModelTest" time="0.004"/>
  <testcase name="invalidDraft_keepsReviewOpenWithError" classname="app.tinks.tink.lottery.LotteryViewModelTest" time="0.003"/>
  <system-out><![CDATA[]]></system-out>
  <system-err><![CDATA[]]></system-err>
</testsuite>
