<?xml version="1.0" encoding="UTF-8"?>
<testsuite name="app.tinks.tink.salesforce.SalesforceViewModelTest" tests="3" skipped="0" failures="0" errors="0" timestamp="2026-06-29T12:14:50.673Z" hostname="runnervmmklqx" time="0.073">
  <properties/>
  <testcase name="practice_recordsLocalAnswerAndPostsOnlyWhenFinished" classname="app.tinks.tink.salesforce.SalesforceViewModelTest" time="0.022"/>
  <testcase name="practiceDone_marksQuestionMasteredAndSyncsAtFinish" classname="app.tinks.tink.salesforce.SalesforceViewModelTest" time="0.003"/>
  <testcase name="examPostsAttemptOnlyAfterSixtyFiveAnswers" classname="app.tinks.tink.salesforce.SalesforceViewModelTest" time="0.047"/>
  <system-out><![CDATA[]]></system-out>
  <system-err><![CDATA[]]></system-err>
</testsuite>
