<?xml version="1.0" encoding="UTF-8"?>
<testsuite name="app.tinks.tink.haircut.HaircutRepositoryTest" tests="4" skipped="0" failures="0" errors="0" timestamp="2026-06-29T12:14:48.887Z" hostname="runnervmmklqx" time="0.018">
  <properties/>
  <testcase name="deleteHaircut_callsApiWithId" classname="app.tinks.tink.haircut.HaircutRepositoryTest" time="0.006"/>
  <testcase name="getHaircuts_emitsLoadingThenSuccess_sortedByDateDescending" classname="app.tinks.tink.haircut.HaircutRepositoryTest" time="0.004"/>
  <testcase name="addHaircut_postsCreatePayload" classname="app.tinks.tink.haircut.HaircutRepositoryTest" time="0.005"/>
  <testcase name="getHaircuts_emitsError_whenApiThrows" classname="app.tinks.tink.haircut.HaircutRepositoryTest" time="0.003"/>
  <system-out><![CDATA[safeApiCall: calling api
safeApiCall: calling api
safeApiCall: calling api
safeApiCall: calling api
safeApiCall caught exception: boom
]]></system-out>
  <system-err><![CDATA[]]></system-err>
</testsuite>
