<?xml version="1.0" encoding="UTF-8"?>
<testsuite name="app.tinks.tink.geography.GeographyDataTest" tests="3" skipped="0" failures="0" errors="0" timestamp="2026-06-29T12:14:48.169Z" hostname="runnervmmklqx" time="0.136">
  <properties/>
  <testcase name="buildGeographyQuestion_returnsFourOptionsContainingAnswer" classname="app.tinks.tink.geography.GeographyDataTest" time="0.063"/>
  <testcase name="assetCountries_containsWorldScaleCountryData" classname="app.tinks.tink.geography.GeographyDataTest" time="0.029"/>
  <testcase name="filterByCountryName_matchesChineseEnglishAndLocalNames" classname="app.tinks.tink.geography.GeographyDataTest" time="0.039"/>
  <system-out><![CDATA[]]></system-out>
  <system-err><![CDATA[]]></system-err>
</testsuite>
