<?xml version="1.0" encoding="UTF-8"?>
<testsuite name="app.tinks.tink.weight.WeightViewModelTest" tests="5" skipped="0" failures="0" errors="0" timestamp="2026-05-20T06:54:53.867Z" hostname="runnervmg397c" time="0.051">
  <properties/>
  <testcase name="init_loadsWeightsAndUsesLatestAsDraft" classname="app.tinks.tink.weight.WeightViewModelTest" time="0.034"/>
  <testcase name="deleteWeight_deletesAndRefreshesWeights" classname="app.tinks.tink.weight.WeightViewModelTest" time="0.005"/>
  <testcase name="changeSelectedTrendIndex_updatesUiState" classname="app.tinks.tink.weight.WeightViewModelTest" time="0.005"/>
  <testcase name="addWeight_postsDraftAndRefreshesWeights" classname="app.tinks.tink.weight.WeightViewModelTest" time="0.004"/>
  <testcase name="adjustWeight_marksDraftChanged" classname="app.tinks.tink.weight.WeightViewModelTest" time="0.003"/>
  <system-out><![CDATA[]]></system-out>
  <system-err><![CDATA[]]></system-err>
</testsuite>
