<?xml version="1.0" encoding="UTF-8"?>
<testsuite name="app.tinks.tink.merriam.MerriamViewModelTest" tests="4" skipped="0" failures="0" errors="0" timestamp="2026-06-16T03:14:33.502Z" hostname="runnervm1li68" time="0.028">
  <properties/>
  <testcase name="refresh_loadsStatAgain" classname="app.tinks.tink.merriam.MerriamViewModelTest" time="0.017"/>
  <testcase name="completeRoot_postsMissingRootsAndOptimisticallyUpdatesLatest" classname="app.tinks.tink.merriam.MerriamViewModelTest" time="0.005"/>
  <testcase name="init_loadsStatAndLocalUnits" classname="app.tinks.tink.merriam.MerriamViewModelTest" time="0.002"/>
  <testcase name="completeRoot_ignoresAlreadyCompletedRoot" classname="app.tinks.tink.merriam.MerriamViewModelTest" time="0.003"/>
  <system-out><![CDATA[]]></system-out>
  <system-err><![CDATA[]]></system-err>
</testsuite>
