<?xml version="1.0" encoding="UTF-8"?>
<testsuite name="app.tinks.tink.weight.WeightRepositoryTest" tests="4" skipped="0" failures="0" errors="0" timestamp="2026-06-16T03:14:34.990Z" hostname="runnervm1li68" time="0.016">
  <properties/>
  <testcase name="addWeight_postsCreatePayload" classname="app.tinks.tink.weight.WeightRepositoryTest" time="0.006"/>
  <testcase name="deleteWeight_callsApiWithWeightId" classname="app.tinks.tink.weight.WeightRepositoryTest" time="0.004"/>
  <testcase name="getWeights_emitsLoadingThenSuccess_withWeightsSortedDescending" classname="app.tinks.tink.weight.WeightRepositoryTest" time="0.004"/>
  <testcase name="getWeights_emitsError_whenApiThrows" classname="app.tinks.tink.weight.WeightRepositoryTest" time="0.002"/>
  <system-out><![CDATA[safeApiCall: calling api
safeApiCall: calling api
safeApiCall: calling api
safeApiCall: calling api
safeApiCall caught exception: boom
]]></system-out>
  <system-err><![CDATA[]]></system-err>
</testsuite>
