<?xml version="1.0" encoding="UTF-8"?>
<testsuite name="app.tinks.tink.book.BookScreenTest" tests="16" skipped="0" failures="0" errors="0" timestamp="2026-06-16T03:14:17.714Z" hostname="runnervm1li68" time="13.045">
  <properties/>
  <testcase name="archivedList_statusChipRequestsFiltering" classname="app.tinks.tink.book.BookScreenTest" time="6.7"/>
  <testcase name="search_displaysErrorMessage" classname="app.tinks.tink.book.BookScreenTest" time="0.174"/>
  <testcase name="yearlySummary_showsTitleListWithoutAuthors" classname="app.tinks.tink.book.BookScreenTest" time="0.215"/>
  <testcase name="secondaryShelf_displaysBackArrowAndRequestsNavigationBack" classname="app.tinks.tink.book.BookScreenTest" time="0.156"/>
  <testcase name="home_opensDoneArchiveListFromSummary" classname="app.tinks.tink.book.BookScreenTest" time="0.413"/>
  <testcase name="platformChip_isShownForReadingBooks" classname="app.tinks.tink.book.BookScreenTest" time="0.166"/>
  <testcase name="home_opensReadingShelfFromIconSummary" classname="app.tinks.tink.book.BookScreenTest" time="0.175"/>
  <testcase name="platformChip_isHiddenForWishlistBooks" classname="app.tinks.tink.book.BookScreenTest" time="0.11"/>
  <testcase name="detailEdit_savesMetadataWithoutProgressFields" classname="app.tinks.tink.book.BookScreenTest" time="0.494"/>
  <testcase name="home_opensYearlyReadingSummary" classname="app.tinks.tink.book.BookScreenTest" time="0.138"/>
  <testcase name="shelf_categoryChipRequestsFiltering" classname="app.tinks.tink.book.BookScreenTest" time="0.11"/>
  <testcase name="home_startFabStartsLatestReadingBook" classname="app.tinks.tink.book.BookScreenTest" time="0.159"/>
  <testcase name="search_displaysEmptyResultMessage" classname="app.tinks.tink.book.BookScreenTest" time="0.073"/>
  <testcase name="detail_displaysLoadingShellBeforeBookArrives" classname="app.tinks.tink.book.BookScreenTest" time="0.094"/>
  <testcase name="readingProgress_prefersCurrentPageOverStalePercentage" classname="app.tinks.tink.book.BookScreenTest" time="0.128"/>
  <testcase name="search_displaysBackendResults" classname="app.tinks.tink.book.BookScreenTest" time="0.122"/>
  <system-out><![CDATA[]]></system-out>
  <system-err><![CDATA[]]></system-err>
</testsuite>
