<?xml version="1.0" encoding="UTF-8"?>
<testsuite name="app.tinks.tink.book.BookRepositoryTest" tests="7" skipped="0" failures="0" errors="0" timestamp="2026-06-16T03:14:16.702Z" hostname="runnervm1li68" time="0.711">
  <properties/>
  <testcase name="searchBooks_keepsResultWithoutSourceId" classname="app.tinks.tink.book.BookRepositoryTest" time="0.64"/>
  <testcase name="getBooks_passesSelectedCategoryToApi" classname="app.tinks.tink.book.BookRepositoryTest" time="0.022"/>
  <testcase name="addToReading_createsWishlistEntryThenStartsReading" classname="app.tinks.tink.book.BookRepositoryTest" time="0.018"/>
  <testcase name="searchBooks_usesBackendSearchAndMapsResult" classname="app.tinks.tink.book.BookRepositoryTest" time="0.004"/>
  <testcase name="searchBooks_mapsWrappedBackendSearchResults" classname="app.tinks.tink.book.BookRepositoryTest" time="0.005"/>
  <testcase name="searchBooks_mapsRawGoogleBookItems" classname="app.tinks.tink.book.BookRepositoryTest" time="0.014"/>
  <testcase name="addToReading_keepsDraftPageFormat" classname="app.tinks.tink.book.BookRepositoryTest" time="0.008"/>
  <system-out><![CDATA[safeApiCall: calling api
safeApiCall: calling api
safeApiCall: calling api
safeApiCall: calling api
safeApiCall: calling api
safeApiCall: calling api
safeApiCall: calling api
]]></system-out>
  <system-err><![CDATA[]]></system-err>
</testsuite>
