<?xml version="1.0" encoding="UTF-8"?>
<testsuite name="app.tinks.tink.weight.WeightDtoTest" tests="2" skipped="0" failures="0" errors="0" timestamp="2026-06-16T03:14:34.986Z" hostname="runnervm1li68" time="0.003">
  <properties/>
  <testcase name="toDomain_usesEpochForInvalidTimestamp" classname="app.tinks.tink.weight.WeightDtoTest" time="0.002"/>
  <testcase name="toDomain_parsesIsoTimestampToEpochMillis" classname="app.tinks.tink.weight.WeightDtoTest" time="0.0"/>
  <system-out><![CDATA[]]></system-out>
  <system-err><![CDATA[]]></system-err>
</testsuite>
