<?xml version="1.0" encoding="UTF-8"?>
<testsuite name="app.tinks.tink.time.TimeScreenTest" tests="4" skipped="0" failures="0" errors="0" timestamp="2026-06-16T03:14:33.840Z" hostname="runnervm1li68" time="1.103">
  <properties/>
  <testcase name="editorEditLabelsButton_requestsLabelManager" classname="app.tinks.tink.time.TimeScreenTest" time="0.249"/>
  <testcase name="dashboard_rendersEmptySelectedRange" classname="app.tinks.tink.time.TimeScreenTest" time="0.085"/>
  <testcase name="dateFields_openDatePickerDialog" classname="app.tinks.tink.time.TimeScreenTest" time="0.605"/>
  <testcase name="editorLabelChip_appliesLabel" classname="app.tinks.tink.time.TimeScreenTest" time="0.16"/>
  <system-out><![CDATA[]]></system-out>
  <system-err><![CDATA[]]></system-err>
</testsuite>
