<?xml version="1.0" encoding="UTF-8"?>
<testsuite name="app.tinks.tink.salesforce.SalesforceViewModelTest" tests="3" skipped="0" failures="0" errors="0" timestamp="2026-06-16T03:14:33.591Z" hostname="runnervm1li68" time="0.088">
  <properties/>
  <testcase name="practice_recordsLocalAnswerAndPostsOnlyWhenFinished" classname="app.tinks.tink.salesforce.SalesforceViewModelTest" time="0.034"/>
  <testcase name="practiceDone_marksQuestionMasteredAndSyncsAtFinish" classname="app.tinks.tink.salesforce.SalesforceViewModelTest" time="0.004"/>
  <testcase name="examPostsAttemptOnlyAfterSixtyFiveAnswers" classname="app.tinks.tink.salesforce.SalesforceViewModelTest" time="0.049"/>
  <system-out><![CDATA[]]></system-out>
  <system-err><![CDATA[]]></system-err>
</testsuite>
