<?xml version="1.0" encoding="UTF-8"?>
<testsuite name="app.tinks.tink.merriam.MerriamRepositoryTest" tests="3" skipped="0" failures="0" errors="0" timestamp="2026-06-16T03:14:33.068Z" hostname="runnervm1li68" time="0.01">
  <properties/>
  <testcase name="addMerriamRecords_emitsLoadingThenSuccess_andCallsApi" classname="app.tinks.tink.merriam.MerriamRepositoryTest" time="0.004"/>
  <testcase name="getMerriamStat_emitsLoadingThenSuccess" classname="app.tinks.tink.merriam.MerriamRepositoryTest" time="0.002"/>
  <testcase name="getMerriamStat_emitsLoadingThenError_whenApiThrows" classname="app.tinks.tink.merriam.MerriamRepositoryTest" time="0.002"/>
  <system-out><![CDATA[safeApiCall: calling api
safeApiCall: calling api
safeApiCall: calling api
safeApiCall caught exception: no network
]]></system-out>
  <system-err><![CDATA[]]></system-err>
</testsuite>
