<?xml version="1.0" encoding="UTF-8"?>
<testsuite name="app.tinks.tink.book.BookViewModelTest" tests="5" skipped="0" failures="0" errors="0" timestamp="2026-06-16T03:14:30.763Z" hostname="runnervm1li68" time="0.086">
  <properties/>
  <testcase name="init_loadsThreeShelves" classname="app.tinks.tink.book.BookViewModelTest" time="0.04"/>
  <testcase name="submitSearch_populatesSearchResults" classname="app.tinks.tink.book.BookViewModelTest" time="0.013"/>
  <testcase name="listAndDetailNavigation_canReturnToPreviousScreens" classname="app.tinks.tink.book.BookViewModelTest" time="0.012"/>
  <testcase name="stoppingReadingSession_logsTimeEntryAndClearsSession" classname="app.tinks.tink.book.BookViewModelTest" time="0.018"/>
  <testcase name="selectingCategory_filtersTheOpenShelf" classname="app.tinks.tink.book.BookViewModelTest" time="0.003"/>
  <system-out><![CDATA[safeApiCall: calling api
safeApiCall: calling api
]]></system-out>
  <system-err><![CDATA[]]></system-err>
</testsuite>
