<?xml version="1.0" encoding="UTF-8"?>
<testsuite name="app.tinks.tink.time.TimeViewModelTest" tests="5" skipped="0" failures="0" errors="0" timestamp="2026-06-16T03:14:34.945Z" hostname="runnervm1li68" time="0.04">
  <properties/>
  <testcase name="saveEntry_usesPrefixedTitleAndRefreshesDashboard" classname="app.tinks.tink.time.TimeViewModelTest" time="0.022"/>
  <testcase name="applyLabel_prefixesTitleAndReplacesExistingKnownLabel" classname="app.tinks.tink.time.TimeViewModelTest" time="0.003"/>
  <testcase name="init_usesWorkingAsDefaultTypeAndLoadsLabels" classname="app.tinks.tink.time.TimeViewModelTest" time="0.003"/>
  <testcase name="dashboard_filtersEntriesToSelectedDateRangeOnClient" classname="app.tinks.tink.time.TimeViewModelTest" time="0.005"/>
  <testcase name="saveLabel_addsLabelToState" classname="app.tinks.tink.time.TimeViewModelTest" time="0.005"/>
  <system-out><![CDATA[]]></system-out>
  <system-err><![CDATA[]]></system-err>
</testsuite>
