<?xml version="1.0" encoding="UTF-8"?>
<testsuite name="app.tinks.tink.lottery.LotteryScreenTest" tests="5" skipped="0" failures="0" errors="0" timestamp="2026-06-06T17:16:00.120Z" hostname="runnervm3jyl0" time="0.754">
  <properties/>
  <testcase name="dashboard_invokesCameraAndHistoryCallbacks" classname="app.tinks.tink.lottery.LotteryScreenTest" time="0.199"/>
  <testcase name="historyStats_rendersStatsAndDeleteAction" classname="app.tinks.tink.lottery.LotteryScreenTest" time="0.142"/>
  <testcase name="reviewScreen_rendersJsonAndSendsSaveEvent" classname="app.tinks.tink.lottery.LotteryScreenTest" time="0.2"/>
  <testcase name="hero_rendersWinningResult" classname="app.tinks.tink.lottery.LotteryScreenTest" time="0.1"/>
  <testcase name="readyTicket_invokesRevealAction" classname="app.tinks.tink.lottery.LotteryScreenTest" time="0.113"/>
  <system-out><![CDATA[]]></system-out>
  <system-err><![CDATA[]]></system-err>
</testsuite>
