<?xml version="1.0" encoding="UTF-8"?>
<testsuite name="app.tinks.tink.haircut.HaircutViewModelTest" tests="4" skipped="0" failures="0" errors="0" timestamp="2026-06-06T17:16:00.003Z" hostname="runnervm3jyl0" time="0.041">
  <properties/>
  <testcase name="addHaircutFabClick_showsDialogAndDismissHidesIt" classname="app.tinks.tink.haircut.HaircutViewModelTest" time="0.014"/>
  <testcase name="submitHaircut_postsAndRefreshesHistory" classname="app.tinks.tink.haircut.HaircutViewModelTest" time="0.014"/>
  <testcase name="deleteHaircut_deletesAndRefreshesHistory" classname="app.tinks.tink.haircut.HaircutViewModelTest" time="0.008"/>
  <testcase name="init_loadsHistoryAndCalculatesDaysSinceLatestHaircut" classname="app.tinks.tink.haircut.HaircutViewModelTest" time="0.005"/>
  <system-out><![CDATA[]]></system-out>
  <system-err><![CDATA[]]></system-err>
</testsuite>
