<?xml version="1.0" encoding="UTF-8"?>
<testsuite name="app.tinks.tink.merriam.MerriamScreenTest" tests="3" skipped="0" failures="0" errors="0" timestamp="2026-06-06T17:16:00.929Z" hostname="runnervm3jyl0" time="0.497">
  <properties/>
  <testcase name="collapsedUnit_canBeExpanded" classname="app.tinks.tink.merriam.MerriamScreenTest" time="0.244"/>
  <testcase name="screen_rendersSummaryAndUnits" classname="app.tinks.tink.merriam.MerriamScreenTest" time="0.113"/>
  <testcase name="longClickRoot_invokesCompleteRoot" classname="app.tinks.tink.merriam.MerriamScreenTest" time="0.14"/>
  <system-out><![CDATA[]]></system-out>
  <system-err><![CDATA[]]></system-err>
</testsuite>
