<?xml version="1.0" encoding="UTF-8"?>
<testsuite name="app.tinks.tink.weight.WeightStateTest" tests="3" skipped="0" failures="0" errors="0" timestamp="2026-05-26T07:26:22.250Z" hostname="runnervmg397c" time="0.005">
  <properties/>
  <testcase name="toUiState_filtersTrendWeightsToCurrentMonthByDefault" classname="app.tinks.tink.weight.WeightStateTest" time="0.004"/>
  <testcase name="toUiState_returnsAllTrendWeightsSortedByDate_whenAllRangeSelected" classname="app.tinks.tink.weight.WeightStateTest" time="0.001"/>
  <testcase name="toUiState_mapsCurrentWeightAndHistory" classname="app.tinks.tink.weight.WeightStateTest" time="0.0"/>
  <system-out><![CDATA[]]></system-out>
  <system-err><![CDATA[]]></system-err>
</testsuite>
