<?xml version="1.0" encoding="UTF-8"?>
<testsuite name="app.tinks.tink.weight.WeightScreenTest" tests="3" skipped="0" failures="0" errors="0" timestamp="2026-06-04T16:16:39.526Z" hostname="runnervm3jyl0" time="0.401">
  <properties/>
  <testcase name="overview_invokesOpenHistory_whenHistoryButtonClicked" classname="app.tinks.tink.weight.WeightScreenTest" time="0.199"/>
  <testcase name="historyList_rendersWeightsAndInvokesDelete" classname="app.tinks.tink.weight.WeightScreenTest" time="0.128"/>
  <testcase name="historyList_rendersEmptyState" classname="app.tinks.tink.weight.WeightScreenTest" time="0.073"/>
  <system-out><![CDATA[]]></system-out>
  <system-err><![CDATA[]]></system-err>
</testsuite>
