<?xml version="1.0" encoding="UTF-8"?>
<testsuite name="app.tinks.tink.time.TimeRepositoryTest" tests="3" skipped="0" failures="0" errors="0" timestamp="2026-06-04T16:16:38.165Z" hostname="runnervm3jyl0" time="0.057">
  <properties/>
  <testcase name="createTimeEntry_postsPayload" classname="app.tinks.tink.time.TimeRepositoryTest" time="0.019"/>
  <testcase name="timeLabelCrud_callsLabelEndpoints" classname="app.tinks.tink.time.TimeRepositoryTest" time="0.017"/>
  <testcase name="getTimeDashboard_usesSelectedDateRangeForStatisticsAndEntries" classname="app.tinks.tink.time.TimeRepositoryTest" time="0.02"/>
  <system-out><![CDATA[safeApiCall: calling api
safeApiCall: calling api
safeApiCall: calling api
safeApiCall: calling api
safeApiCall: calling api
safeApiCall: calling api
]]></system-out>
  <system-err><![CDATA[]]></system-err>
</testsuite>
