<?xml version="1.0" encoding="UTF-8"?>
<testsuite name="app.tinks.tink.lottery.LotteryScreenTest" tests="5" skipped="0" failures="0" errors="0" timestamp="2026-06-04T16:16:03.877Z" hostname="runnervm3jyl0" time="0.743">
  <properties/>
  <testcase name="dashboard_invokesCameraAndHistoryCallbacks" classname="app.tinks.tink.lottery.LotteryScreenTest" time="0.204"/>
  <testcase name="historyStats_rendersStatsAndDeleteAction" classname="app.tinks.tink.lottery.LotteryScreenTest" time="0.143"/>
  <testcase name="reviewScreen_rendersJsonAndSendsSaveEvent" classname="app.tinks.tink.lottery.LotteryScreenTest" time="0.202"/>
  <testcase name="hero_rendersWinningResult" classname="app.tinks.tink.lottery.LotteryScreenTest" time="0.097"/>
  <testcase name="readyTicket_invokesRevealAction" classname="app.tinks.tink.lottery.LotteryScreenTest" time="0.097"/>
  <system-out><![CDATA[]]></system-out>
  <system-err><![CDATA[]]></system-err>
</testsuite>
