<?xml version="1.0" encoding="UTF-8"?>
<testsuite name="app.tinks.tink.book.BookScreenTest" tests="3" skipped="0" failures="0" errors="0" timestamp="2026-05-29T10:22:09.086Z" hostname="runnervm3jyl0" time="7.981">
  <properties/>
  <testcase name="secondaryShelf_displaysBackArrowAndRequestsNavigationBack" classname="app.tinks.tink.book.BookScreenTest" time="7.291"/>
  <testcase name="home_opensReadingShelfFromIconSummary" classname="app.tinks.tink.book.BookScreenTest" time="0.547"/>
  <testcase name="shelf_categoryChipRequestsFiltering" classname="app.tinks.tink.book.BookScreenTest" time="0.143"/>
  <system-out><![CDATA[]]></system-out>
  <system-err><![CDATA[]]></system-err>
</testsuite>
