<?xml version="1.0" encoding="UTF-8"?>
<testsuite name="app.tinks.tink.merriam.MerriamScreenTest" tests="3" skipped="0" failures="0" errors="0" timestamp="2026-05-26T07:26:38.056Z" hostname="runnervmg397c" time="0.729">
  <properties/>
  <testcase name="collapsedUnit_canBeExpanded" classname="app.tinks.tink.merriam.MerriamScreenTest" time="0.398"/>
  <testcase name="screen_rendersSummaryAndUnits" classname="app.tinks.tink.merriam.MerriamScreenTest" time="0.147"/>
  <testcase name="longClickRoot_invokesCompleteRoot" classname="app.tinks.tink.merriam.MerriamScreenTest" time="0.184"/>
  <system-out><![CDATA[]]></system-out>
  <system-err><![CDATA[]]></system-err>
</testsuite>
