<?xml version="1.0" encoding="UTF-8"?>
<testsuite name="app.tinks.tink.leetkeeper.LeetKeeperDtoTest" tests="2" skipped="0" failures="0" errors="0" timestamp="2026-06-29T12:14:49.518Z" hostname="runnervmmklqx" time="0.01">
  <properties/>
  <testcase name="publicPlanDto_mapsModulesAndProblemDifficulty" classname="app.tinks.tink.leetkeeper.LeetKeeperDtoTest" time="0.006"/>
  <testcase name="ongoingPlanDto_mapsLanguageAndTransactions" classname="app.tinks.tink.leetkeeper.LeetKeeperDtoTest" time="0.003"/>
  <system-out><![CDATA[]]></system-out>
  <system-err><![CDATA[]]></system-err>
</testsuite>
