<?xml version="1.0" encoding="UTF-8"?>
<testsuite name="app.tinks.tink.time.TimeScreenTest" tests="4" skipped="0" failures="0" errors="0" timestamp="2026-05-26T07:26:06.650Z" hostname="runnervmg397c" time="2.564">
  <properties/>
  <testcase name="editorEditLabelsButton_requestsLabelManager" classname="app.tinks.tink.time.TimeScreenTest" time="1.025"/>
  <testcase name="dashboard_rendersEmptySelectedRange" classname="app.tinks.tink.time.TimeScreenTest" time="0.177"/>
  <testcase name="dateFields_openDatePickerDialog" classname="app.tinks.tink.time.TimeScreenTest" time="1.115"/>
  <testcase name="editorLabelChip_appliesLabel" classname="app.tinks.tink.time.TimeScreenTest" time="0.246"/>
  <system-out><![CDATA[]]></system-out>
  <system-err><![CDATA[]]></system-err>
</testsuite>
