<?xml version="1.0" encoding="UTF-8"?>
<testsuite name="app.tinks.tink.salesforce.SalesforceViewModelTest" tests="2" skipped="0" failures="0" errors="0" timestamp="2026-06-06T17:16:01.527Z" hostname="runnervm3jyl0" time="0.088">
  <properties/>
  <testcase name="practice_recordsLocalAnswerAndPostsOnlyWhenFinished" classname="app.tinks.tink.salesforce.SalesforceViewModelTest" time="0.035"/>
  <testcase name="examPostsAttemptOnlyAfterSixtyFiveAnswers" classname="app.tinks.tink.salesforce.SalesforceViewModelTest" time="0.053"/>
  <system-out><![CDATA[]]></system-out>
  <system-err><![CDATA[]]></system-err>
</testsuite>
