<?xml version="1.0" encoding="UTF-8"?>
<testsuite name="app.tinks.tink.secureweb.SecureWebScreenTest" tests="3" skipped="0" failures="1" errors="0" timestamp="2026-06-29T12:14:43.269Z" hostname="runnervmmklqx" time="0.431">
  <properties/>
  <testcase name="screen_requestsAuthenticationOnLaunch" classname="app.tinks.tink.secureweb.SecureWebScreenTest" time="0.155">
    <failure message="java.lang.AssertionError: expected:&lt;1&gt; but was:&lt;2&gt;" type="java.lang.AssertionError">java.lang.AssertionError: expected:&lt;1&gt; but was:&lt;2&gt;
	at org.junit.Assert.fail(Assert.java:89)
	at org.junit.Assert.failNotEquals(Assert.java:835)
	at org.junit.Assert.assertEquals(Assert.java:120)
	at org.junit.Assert.assertEquals(Assert.java:146)
	at app.tinks.tink.secureweb.SecureWebScreenTest.screen_requestsAuthenticationOnLaunch(SecureWebScreenTest.kt:43)
	at java.base/jdk.internal.reflect.DirectMethodHandleAccessor.invoke(DirectMethodHandleAccessor.java:103)
	at java.base/java.lang.reflect.Method.invoke(Method.java:580)
	at org.junit.runners.model.FrameworkMethod$1.runReflectiveCall(FrameworkMethod.java:59)
	at org.junit.internal.runners.model.ReflectiveCallable.run(ReflectiveCallable.java:12)
	at org.junit.runners.model.FrameworkMethod.invokeExplosively(FrameworkMethod.java:56)
	at org.junit.internal.runners.statements.InvokeMethod.evaluate(InvokeMethod.java:17)
	at androidx.compose.ui.test.junit4.AndroidComposeTestRule$apply$testWithDisposal$1.evaluate(AndroidComposeTestRule.android.kt:418)
	at org.junit.rules.ExternalResource$1.evaluate(ExternalResource.java:54)
	at androidx.compose.ui.test.junit4.AndroidComposeTestRule$apply$1$evaluate$1.invokeSuspend(AndroidComposeTestRule.android.kt:438)
	at androidx.compose.ui.test.junit4.AndroidComposeTestRule$apply$1$evaluate$1.invoke(AndroidComposeTestRule.android.kt)
	at androidx.compose.ui.test.junit4.AndroidComposeTestRule$apply$1$evaluate$1.invoke(AndroidComposeTestRule.android.kt)
	at androidx.compose.ui.test.AndroidComposeUiTestEnvironment$runTest$1$1$1$1$1.invokeSuspend(ComposeUiTest.android.kt:682)
	at androidx.compose.ui.test.AndroidComposeUiTestEnvironment$runTest$1$1$1$1$1.invoke(ComposeUiTest.android.kt)
	at androidx.compose.ui.test.AndroidComposeUiTestEnvironment$runTest$1$1$1$1$1.invoke(ComposeUiTest.android.kt)
	at androidx.compose.ui.test.IdlingStrategy.withStrategy$suspendImpl(IdlingStrategy.android.kt:55)
	at androidx.compose.ui.test.IdlingStrategy.withStrategy(IdlingStrategy.android.kt)
	at androidx.compose.ui.test.AndroidComposeUiTestEnvironment$runTest$1$1.invokeSuspend(ComposeUiTest.android.kt:679)
	at androidx.compose.ui.test.AndroidComposeUiTestEnvironment$runTest$1$1.invoke(ComposeUiTest.android.kt)
	at androidx.compose.ui.test.AndroidComposeUiTestEnvironment$runTest$1$1.invoke(ComposeUiTest.android.kt)
	at kotlinx.coroutines.test.TestBuildersKt__TestBuildersKt$runTest$2$1$1.invokeSuspend(TestBuilders.kt:317)
	at kotlin.coroutines.jvm.internal.BaseContinuationImpl.resumeWith(ContinuationImpl.kt:34)
	at kotlinx.coroutines.DispatchedTask.run(DispatchedTask.kt:100)
	at kotlinx.coroutines.test.TestDispatcher.processEvent$kotlinx_coroutines_test(TestDispatcher.kt:24)
	at kotlinx.coroutines.test.TestCoroutineScheduler.tryRunNextTaskUnless$kotlinx_coroutines_test(TestCoroutineScheduler.kt:98)
	at kotlinx.coroutines.test.TestBuildersKt__TestBuildersKt$runTest$2$1$workRunner$1.invokeSuspend(TestBuilders.kt:326)
	at kotlin.coroutines.jvm.internal.BaseContinuationImpl.resumeWith(ContinuationImpl.kt:34)
	at kotlinx.coroutines.DispatchedTask.run(DispatchedTask.kt:100)
	at kotlinx.coroutines.EventLoopImplBase.processNextEvent(EventLoop.common.kt:256)
	at kotlinx.coroutines.BlockingCoroutine.joinBlocking(Builders.kt:54)
	at kotlinx.coroutines.BuildersKt__BuildersKt.runBlockingImpl(Builders.kt:30)
	at kotlinx.coroutines.BuildersKt.runBlockingImpl(Unknown Source)
	at kotlinx.coroutines.BuildersKt__Builders_concurrentKt.runBlockingK(Builders.concurrent.kt:172)
	at kotlinx.coroutines.BuildersKt.runBlockingK(Unknown Source)
	at kotlinx.coroutines.BuildersKt__Builders_concurrentKt.runBlockingK$default(Builders.concurrent.kt:157)
	at kotlinx.coroutines.BuildersKt.runBlockingK$default(Unknown Source)
	at kotlinx.coroutines.test.TestBuildersJvmKt.createTestResult(TestBuildersJvm.kt:10)
	at kotlinx.coroutines.test.TestBuildersKt__TestBuildersKt.runTest-8Mi8wO0(TestBuilders.kt:309)
	at kotlinx.coroutines.test.TestBuildersKt.runTest-8Mi8wO0(TestBuilders.kt:1)
	at kotlinx.coroutines.test.TestBuildersKt__TestBuildersKt.runTest-8Mi8wO0(TestBuilders.kt:167)
	at kotlinx.coroutines.test.TestBuildersKt.runTest-8Mi8wO0(TestBuilders.kt:1)
	at androidx.compose.ui.test.AndroidComposeUiTestEnvironment.runTest(ComposeUiTest.android.kt:658)
	at androidx.compose.ui.test.junit4.AndroidComposeTestRule$apply$1.evaluate(AndroidComposeTestRule.android.kt:438)
	at org.junit.runners.ParentRunner$3.evaluate(ParentRunner.java:306)
	at org.robolectric.RobolectricTestRunner$HelperTestRunner$1.evaluate(RobolectricTestRunner.java:524)
	at org.robolectric.internal.SandboxTestRunner.executeInSandbox(SandboxTestRunner.java:494)
	at org.robolectric.internal.SandboxTestRunner.access$900(SandboxTestRunner.java:67)
	at org.robolectric.internal.SandboxTestRunner$7.evaluate(SandboxTestRunner.java:442)
	at org.junit.runners.BlockJUnit4ClassRunner$1.evaluate(BlockJUnit4ClassRunner.java:100)
	at org.junit.runners.ParentRunner.runLeaf(ParentRunner.java:366)
	at org.junit.runners.BlockJUnit4ClassRunner.runChild(BlockJUnit4ClassRunner.java:103)
	at org.robolectric.internal.SandboxTestRunner.access$600(SandboxTestRunner.java:67)
	at org.robolectric.internal.SandboxTestRunner$6.evaluate(SandboxTestRunner.java:333)
	at org.robolectric.internal.SandboxTestRunner$3.evaluate(SandboxTestRunner.java:233)
	at org.robolectric.internal.SandboxTestRunner$5.lambda$evaluate$0(SandboxTestRunner.java:317)
	at org.robolectric.internal.bytecode.Sandbox.lambda$runOnMainThread$0(Sandbox.java:101)
	at java.base/java.util.concurrent.FutureTask.run(FutureTask.java:317)
	at java.base/java.util.concurrent.ThreadPoolExecutor.runWorker(ThreadPoolExecutor.java:1144)
	at java.base/java.util.concurrent.ThreadPoolExecutor$Worker.run(ThreadPoolExecutor.java:642)
	at java.base/java.lang.Thread.run(Thread.java:1583)
</failure>
  </testcase>
  <testcase name="screen_requestsAuthenticationAgainWhenLifecycleResumes" classname="app.tinks.tink.secureweb.SecureWebScreenTest" time="0.166"/>
  <testcase name="screen_showsWebContentAfterSuccessfulAuthentication" classname="app.tinks.tink.secureweb.SecureWebScreenTest" time="0.106"/>
  <system-out><![CDATA[]]></system-out>
  <system-err><![CDATA[]]></system-err>
</testsuite>
