<?xml version="1.0" encoding="UTF-8"?>
<testsuite name="app.tinks.tink.lottery.LotteryViewModelTest" tests="6" skipped="0" failures="0" errors="0" timestamp="2026-06-19T07:42:01.642Z" hostname="runnervm7b5n9" time="0.041">
  <properties/>
  <testcase name="init_loadsHistoryAndBuildsActiveReadyTicket" classname="app.tinks.tink.lottery.LotteryViewModelTest" time="0.016"/>
  <testcase name="saveDraft_postsLotteryAndRefreshesHistory" classname="app.tinks.tink.lottery.LotteryViewModelTest" time="0.006"/>
  <testcase name="capturePreview_opensEditableReviewDraft" classname="app.tinks.tink.lottery.LotteryViewModelTest" time="0.002"/>
  <testcase name="stateStats_mergeHistoryAndStats" classname="app.tinks.tink.lottery.LotteryViewModelTest" time="0.003"/>
  <testcase name="checkWinningLottery_updatesTicketAndShowsHero" classname="app.tinks.tink.lottery.LotteryViewModelTest" time="0.007"/>
  <testcase name="invalidDraft_keepsReviewOpenWithError" classname="app.tinks.tink.lottery.LotteryViewModelTest" time="0.006"/>
  <system-out><![CDATA[]]></system-out>
  <system-err><![CDATA[]]></system-err>
</testsuite>
