<?xml version="1.0" encoding="UTF-8"?>
<testsuite name="app.tinks.tink.lottery.LotteryScreenTest" tests="5" skipped="0" failures="0" errors="0" timestamp="2026-06-19T07:42:00.982Z" hostname="runnervm7b5n9" time="0.657">
  <properties/>
  <testcase name="dashboard_invokesCameraAndHistoryCallbacks" classname="app.tinks.tink.lottery.LotteryScreenTest" time="0.147"/>
  <testcase name="historyStats_rendersStatsAndDeleteAction" classname="app.tinks.tink.lottery.LotteryScreenTest" time="0.131"/>
  <testcase name="reviewScreen_rendersJsonAndSendsSaveEvent" classname="app.tinks.tink.lottery.LotteryScreenTest" time="0.222"/>
  <testcase name="hero_rendersWinningResult" classname="app.tinks.tink.lottery.LotteryScreenTest" time="0.073"/>
  <testcase name="readyTicket_invokesRevealAction" classname="app.tinks.tink.lottery.LotteryScreenTest" time="0.077"/>
  <system-out><![CDATA[]]></system-out>
  <system-err><![CDATA[]]></system-err>
</testsuite>
