<?xml version="1.0" encoding="UTF-8"?>
<testsuite name="app.tinks.tink.widget.DigitalDetoxMessageResolverTest" tests="10" skipped="0" failures="0" errors="0" timestamp="2026-06-19T07:42:03.928Z" hostname="runnervm7b5n9" time="0.002">
  <properties/>
  <testcase name="resolve_returnsCountdown_onWeekendAfternoon" classname="app.tinks.tink.widget.DigitalDetoxMessageResolverTest" time="0.001"/>
  <testcase name="resolve_returnsTimeForTink_onWeekdayNight" classname="app.tinks.tink.widget.DigitalDetoxMessageResolverTest" time="0.0"/>
  <testcase name="resolve_returnsLaunchAndLearn_betweenLunchBreak" classname="app.tinks.tink.widget.DigitalDetoxMessageResolverTest" time="0.0"/>
  <testcase name="resolve_returnsWorkFocus_inWorkBlock" classname="app.tinks.tink.widget.DigitalDetoxMessageResolverTest" time="0.0"/>
  <testcase name="resolve_returnsLogTime_onWeekdayLateAfternoon" classname="app.tinks.tink.widget.DigitalDetoxMessageResolverTest" time="0.0"/>
  <testcase name="resolve_returnsGoodMorning_betweenSevenAndNine" classname="app.tinks.tink.widget.DigitalDetoxMessageResolverTest" time="0.0"/>
  <testcase name="resolve_returnsMindEmpty_onWeekdayEvening" classname="app.tinks.tink.widget.DigitalDetoxMessageResolverTest" time="0.0"/>
  <testcase name="resolve_returnsDetox_onWeekendMorning" classname="app.tinks.tink.widget.DigitalDetoxMessageResolverTest" time="0.0"/>
  <testcase name="resolve_returnsBedRoom_afterTwentyOne" classname="app.tinks.tink.widget.DigitalDetoxMessageResolverTest" time="0.0"/>
  <testcase name="resolve_returnsWakeMessage_beforeSeven" classname="app.tinks.tink.widget.DigitalDetoxMessageResolverTest" time="0.0"/>
  <system-out><![CDATA[]]></system-out>
  <system-err><![CDATA[]]></system-err>
</testsuite>
