<?xml version="1.0" encoding="UTF-8"?>
<testsuite name="app.tinks.tink.lottery.LotteryPrizeClassifierTest" tests="2" skipped="0" failures="0" errors="0" timestamp="2026-06-19T07:42:00.955Z" hostname="runnervm7b5n9" time="0.001">
  <properties/>
  <testcase name="classify_countsUnorderedNumberMatches" classname="app.tinks.tink.lottery.LotteryPrizeClassifierTest" time="0.001"/>
  <testcase name="classify_coversDaLeTouPrizeTiers" classname="app.tinks.tink.lottery.LotteryPrizeClassifierTest" time="0.0"/>
  <system-out><![CDATA[]]></system-out>
  <system-err><![CDATA[]]></system-err>
</testsuite>
