<?xml version="1.0" encoding="UTF-8"?>
<testsuite name="app.tinks.tink.haircut.HaircutViewModelTest" tests="4" skipped="0" failures="0" errors="0" timestamp="2026-06-19T07:42:00.915Z" hostname="runnervm7b5n9" time="0.026">
  <properties/>
  <testcase name="addHaircutFabClick_showsDialogAndDismissHidesIt" classname="app.tinks.tink.haircut.HaircutViewModelTest" time="0.009"/>
  <testcase name="submitHaircut_postsAndRefreshesHistory" classname="app.tinks.tink.haircut.HaircutViewModelTest" time="0.008"/>
  <testcase name="deleteHaircut_deletesAndRefreshesHistory" classname="app.tinks.tink.haircut.HaircutViewModelTest" time="0.004"/>
  <testcase name="init_loadsHistoryAndCalculatesDaysSinceLatestHaircut" classname="app.tinks.tink.haircut.HaircutViewModelTest" time="0.005"/>
  <system-out><![CDATA[]]></system-out>
  <system-err><![CDATA[]]></system-err>
</testsuite>
