<?xml version="1.0" encoding="UTF-8"?>
<testsuite name="app.tinks.tink.weight.WeightViewModelTest" tests="5" skipped="0" failures="0" errors="0" timestamp="2026-06-19T07:42:03.900Z" hostname="runnervm7b5n9" time="0.026">
  <properties/>
  <testcase name="init_loadsWeightsAndUsesLatestAsDraft" classname="app.tinks.tink.weight.WeightViewModelTest" time="0.006"/>
  <testcase name="deleteWeight_deletesAndRefreshesWeights" classname="app.tinks.tink.weight.WeightViewModelTest" time="0.008"/>
  <testcase name="changeSelectedTrendIndex_updatesUiState" classname="app.tinks.tink.weight.WeightViewModelTest" time="0.004"/>
  <testcase name="addWeight_postsDraftAndRefreshesWeights" classname="app.tinks.tink.weight.WeightViewModelTest" time="0.004"/>
  <testcase name="adjustWeight_marksDraftChanged" classname="app.tinks.tink.weight.WeightViewModelTest" time="0.002"/>
  <system-out><![CDATA[]]></system-out>
  <system-err><![CDATA[]]></system-err>
</testsuite>
