<?xml version="1.0" encoding="UTF-8"?>
<testsuite name="app.tinks.tink.merriam.MerriamScreenTest" tests="3" skipped="0" failures="0" errors="0" timestamp="2026-06-19T07:42:01.710Z" hostname="runnervm7b5n9" time="0.397">
  <properties/>
  <testcase name="collapsedUnit_canBeExpanded" classname="app.tinks.tink.merriam.MerriamScreenTest" time="0.194"/>
  <testcase name="screen_rendersSummaryAndUnits" classname="app.tinks.tink.merriam.MerriamScreenTest" time="0.091"/>
  <testcase name="longClickRoot_invokesCompleteRoot" classname="app.tinks.tink.merriam.MerriamScreenTest" time="0.108"/>
  <system-out><![CDATA[]]></system-out>
  <system-err><![CDATA[]]></system-err>
</testsuite>
