<?xml version="1.0" encoding="UTF-8"?>
<testsuite name="app.tinks.tink.book.BookRepositoryTest" tests="7" skipped="0" failures="0" errors="0" timestamp="2026-06-19T07:41:44.186Z" hostname="runnervm7b5n9" time="0.632">
  <properties/>
  <testcase name="searchBooks_keepsResultWithoutSourceId" classname="app.tinks.tink.book.BookRepositoryTest" time="0.567"/>
  <testcase name="getBooks_passesSelectedCategoryToApi" classname="app.tinks.tink.book.BookRepositoryTest" time="0.019"/>
  <testcase name="addToReading_createsWishlistEntryThenStartsReading" classname="app.tinks.tink.book.BookRepositoryTest" time="0.013"/>
  <testcase name="searchBooks_usesBackendSearchAndMapsResult" classname="app.tinks.tink.book.BookRepositoryTest" time="0.005"/>
  <testcase name="searchBooks_mapsWrappedBackendSearchResults" classname="app.tinks.tink.book.BookRepositoryTest" time="0.007"/>
  <testcase name="searchBooks_mapsRawGoogleBookItems" classname="app.tinks.tink.book.BookRepositoryTest" time="0.016"/>
  <testcase name="addToReading_keepsDraftPageFormat" classname="app.tinks.tink.book.BookRepositoryTest" time="0.004"/>
  <system-out><![CDATA[safeApiCall: calling api
safeApiCall: calling api
safeApiCall: calling api
safeApiCall: calling api
safeApiCall: calling api
safeApiCall: calling api
safeApiCall: calling api
]]></system-out>
  <system-err><![CDATA[]]></system-err>
</testsuite>
