<?xml version="1.0" encoding="UTF-8"?>
<testsuite name="app.tinks.tink.book.BookScreenTest" tests="24" skipped="0" failures="0" errors="0" timestamp="2026-06-19T07:41:45.141Z" hostname="runnervm7b5n9" time="14.277">
  <properties/>
  <testcase name="archivedList_statusChipRequestsFiltering" classname="app.tinks.tink.book.BookScreenTest" time="7.322"/>
  <testcase name="detailProgress_promptsForReadingTimeBeforeSaving" classname="app.tinks.tink.book.BookScreenTest" time="0.994"/>
  <testcase name="search_displaysErrorMessage" classname="app.tinks.tink.book.BookScreenTest" time="0.151"/>
  <testcase name="searchResultButtons_emitToggleEventsForCheckedAndUncheckedStates" classname="app.tinks.tink.book.BookScreenTest" time="0.158"/>
  <testcase name="yearlySummary_showsTitleListWithoutAuthors" classname="app.tinks.tink.book.BookScreenTest" time="0.206"/>
  <testcase name="secondaryShelf_displaysBackArrowAndRequestsNavigationBack" classname="app.tinks.tink.book.BookScreenTest" time="0.121"/>
  <testcase name="home_opensDoneArchiveListFromSummary" classname="app.tinks.tink.book.BookScreenTest" time="0.267"/>
  <testcase name="platformChip_isShownForReadingBooks" classname="app.tinks.tink.book.BookScreenTest" time="0.115"/>
  <testcase name="home_opensReadingShelfFromIconSummary" classname="app.tinks.tink.book.BookScreenTest" time="0.155"/>
  <testcase name="home_showsReadingContributionGraph" classname="app.tinks.tink.book.BookScreenTest" time="0.141"/>
  <testcase name="platformChip_isHiddenForWishlistBooks" classname="app.tinks.tink.book.BookScreenTest" time="0.087"/>
  <testcase name="detailEdit_savesMetadataWithoutProgressFields" classname="app.tinks.tink.book.BookScreenTest" time="0.258"/>
  <testcase name="detail_activeReadingSessionShowsCardWithoutStopFab" classname="app.tinks.tink.book.BookScreenTest" time="0.132"/>
  <testcase name="home_opensYearlyReadingSummary" classname="app.tinks.tink.book.BookScreenTest" time="0.12"/>
  <testcase name="shelf_categoryChipRequestsFiltering" classname="app.tinks.tink.book.BookScreenTest" time="0.127"/>
  <testcase name="home_startFabStartsLatestReadingBook" classname="app.tinks.tink.book.BookScreenTest" time="0.184"/>
  <testcase name="search_displaysEmptyResultMessage" classname="app.tinks.tink.book.BookScreenTest" time="0.079"/>
  <testcase name="home_activeReadingSessionShowsTimerAndStopDialog" classname="app.tinks.tink.book.BookScreenTest" time="0.208"/>
  <testcase name="detail_displaysLoadingShellBeforeBookArrives" classname="app.tinks.tink.book.BookScreenTest" time="0.098"/>
  <testcase name="readingProgress_prefersCurrentPageOverStalePercentage" classname="app.tinks.tink.book.BookScreenTest" time="0.089"/>
  <testcase name="home_updatesWhenReadingBooksArriveWithoutNavigation" classname="app.tinks.tink.book.BookScreenTest" time="0.134"/>
  <testcase name="search_displaysBackendResults" classname="app.tinks.tink.book.BookScreenTest" time="0.098"/>
  <testcase name="notificationStopRequest_opensEditableStopDialogAndSavesEditedTimes" classname="app.tinks.tink.book.BookScreenTest" time="0.333"/>
  <testcase name="searchResultLongPress_copiesTitleToClipboard" classname="app.tinks.tink.book.BookScreenTest" time="0.1"/>
  <system-out><![CDATA[]]></system-out>
  <system-err><![CDATA[]]></system-err>
</testsuite>
