<?xml version="1.0" encoding="UTF-8"?>
<testsuite name="app.tinks.tink.geography.GeographyDataTest" tests="3" skipped="0" failures="0" errors="0" timestamp="2026-06-19T07:41:59.560Z" hostname="runnervm7b5n9" time="0.189">
  <properties/>
  <testcase name="buildGeographyQuestion_returnsFourOptionsContainingAnswer" classname="app.tinks.tink.geography.GeographyDataTest" time="0.095"/>
  <testcase name="assetCountries_containsWorldScaleCountryData" classname="app.tinks.tink.geography.GeographyDataTest" time="0.04"/>
  <testcase name="filterByCountryName_matchesChineseEnglishAndLocalNames" classname="app.tinks.tink.geography.GeographyDataTest" time="0.049"/>
  <system-out><![CDATA[]]></system-out>
  <system-err><![CDATA[]]></system-err>
</testsuite>
