<?xml version="1.0" encoding="UTF-8"?>
<testsuite name="app.tinks.tink.time.TimeRepositoryTest" tests="3" skipped="0" failures="0" errors="0" timestamp="2026-06-19T07:42:02.369Z" hostname="runnervm7b5n9" time="0.037">
  <properties/>
  <testcase name="createTimeEntry_postsPayload" classname="app.tinks.tink.time.TimeRepositoryTest" time="0.005"/>
  <testcase name="timeLabelCrud_callsLabelEndpoints" classname="app.tinks.tink.time.TimeRepositoryTest" time="0.016"/>
  <testcase name="getTimeDashboard_usesSelectedDateRangeForStatisticsAndEntries" classname="app.tinks.tink.time.TimeRepositoryTest" time="0.016"/>
  <system-out><![CDATA[safeApiCall: calling api
safeApiCall: calling api
safeApiCall: calling api
safeApiCall: calling api
safeApiCall: calling api
safeApiCall: calling api
]]></system-out>
  <system-err><![CDATA[]]></system-err>
</testsuite>
