<?xml version="1.0" encoding="UTF-8"?>
<testsuite name="app.tinks.tink.merriam.MerriamViewModelTest" tests="4" skipped="0" failures="0" errors="0" timestamp="2026-06-19T07:42:02.109Z" hostname="runnervm7b5n9" time="0.028">
  <properties/>
  <testcase name="refresh_loadsStatAgain" classname="app.tinks.tink.merriam.MerriamViewModelTest" time="0.02"/>
  <testcase name="completeRoot_postsMissingRootsAndOptimisticallyUpdatesLatest" classname="app.tinks.tink.merriam.MerriamViewModelTest" time="0.004"/>
  <testcase name="init_loadsStatAndLocalUnits" classname="app.tinks.tink.merriam.MerriamViewModelTest" time="0.002"/>
  <testcase name="completeRoot_ignoresAlreadyCompletedRoot" classname="app.tinks.tink.merriam.MerriamViewModelTest" time="0.002"/>
  <system-out><![CDATA[]]></system-out>
  <system-err><![CDATA[]]></system-err>
</testsuite>
