<?xml version="1.0" encoding="UTF-8"?>
<testsuite name="app.tinks.tink.geography.GeographyScreenTest" tests="2" skipped="0" failures="0" errors="0" timestamp="2026-06-19T07:41:59.754Z" hostname="runnervm7b5n9" time="0.563">
  <properties/>
  <testcase name="browseSearch_opensCountryDetailAndFullScreenImage" classname="app.tinks.tink.geography.GeographyScreenTest" time="0.388"/>
  <testcase name="quizMode_switchesQuestionTypes" classname="app.tinks.tink.geography.GeographyScreenTest" time="0.171"/>
  <system-out><![CDATA[]]></system-out>
  <system-err><![CDATA[]]></system-err>
</testsuite>
