<?xml version="1.0" encoding="UTF-8"?>
<testsuite name="app.tinks.tink.weight.WeightScreenTest" tests="3" skipped="0" failures="0" errors="0" timestamp="2026-06-19T07:42:03.633Z" hostname="runnervm7b5n9" time="0.259">
  <properties/>
  <testcase name="overview_invokesOpenHistory_whenHistoryButtonClicked" classname="app.tinks.tink.weight.WeightScreenTest" time="0.129"/>
  <testcase name="historyList_rendersWeightsAndInvokesDelete" classname="app.tinks.tink.weight.WeightScreenTest" time="0.068"/>
  <testcase name="historyList_rendersEmptyState" classname="app.tinks.tink.weight.WeightScreenTest" time="0.058"/>
  <system-out><![CDATA[]]></system-out>
  <system-err><![CDATA[]]></system-err>
</testsuite>
