<?xml version="1.0" encoding="UTF-8"?>
<testsuite name="app.tinks.tink.lottery.LotteryRepositoryTest" tests="4" skipped="0" failures="0" errors="0" timestamp="2026-06-19T07:42:00.957Z" hostname="runnervm7b5n9" time="0.018">
  <properties/>
  <testcase name="createLottery_postsPayload" classname="app.tinks.tink.lottery.LotteryRepositoryTest" time="0.006"/>
  <testcase name="deleteLottery_callsDeleteEndpoint" classname="app.tinks.tink.lottery.LotteryRepositoryTest" time="0.002"/>
  <testcase name="getLotteryHistory_emitsLoadingThenSortedHistory" classname="app.tinks.tink.lottery.LotteryRepositoryTest" time="0.006"/>
  <testcase name="checkLottery_callsCheckEndpoint" classname="app.tinks.tink.lottery.LotteryRepositoryTest" time="0.004"/>
  <system-out><![CDATA[safeApiCall: calling api
safeApiCall: calling api
safeApiCall: calling api
safeApiCall: calling api
]]></system-out>
  <system-err><![CDATA[]]></system-err>
</testsuite>
