<?xml version="1.0" encoding="UTF-8"?>
<testsuite name="app.tinks.tink.navigation.NavigationHierarchyTest" tests="4" skipped="0" failures="0" errors="0" timestamp="2026-06-19T07:42:02.142Z" hostname="runnervm7b5n9" time="0.051">
  <properties/>
  <testcase name="topDestination_mapsWeightHistoryToWeight" classname="app.tinks.tink.navigation.NavigationHierarchyTest" time="0.041"/>
  <testcase name="topDestination_mapsLotteryHistoryStatsToLottery" classname="app.tinks.tink.navigation.NavigationHierarchyTest" time="0.003"/>
  <testcase name="topDestination_returnsSelf_forTopLevelDestinations" classname="app.tinks.tink.navigation.NavigationHierarchyTest" time="0.006"/>
  <testcase name="topDestination_mapsStoryFlowToZi" classname="app.tinks.tink.navigation.NavigationHierarchyTest" time="0.001"/>
  <system-out><![CDATA[]]></system-out>
  <system-err><![CDATA[]]></system-err>
</testsuite>
