<?xml version="1.0" encoding="UTF-8"?>
<testsuite name="app.tinks.tink.time.TimeScreenTest" tests="4" skipped="0" failures="0" errors="0" timestamp="2026-05-29T10:22:19.223Z" hostname="runnervm3jyl0" time="1.365">
  <properties/>
  <testcase name="editorEditLabelsButton_requestsLabelManager" classname="app.tinks.tink.time.TimeScreenTest" time="0.257"/>
  <testcase name="dashboard_rendersEmptySelectedRange" classname="app.tinks.tink.time.TimeScreenTest" time="0.235"/>
  <testcase name="dateFields_openDatePickerDialog" classname="app.tinks.tink.time.TimeScreenTest" time="0.7"/>
  <testcase name="editorLabelChip_appliesLabel" classname="app.tinks.tink.time.TimeScreenTest" time="0.173"/>
  <system-out><![CDATA[]]></system-out>
  <system-err><![CDATA[]]></system-err>
</testsuite>
