<?xml version="1.0" encoding="UTF-8"?>
<testsuite name="app.tinks.tink.haircut.HaircutScreenTest" tests="4" skipped="0" failures="0" errors="0" timestamp="2026-05-29T10:22:17.153Z" hostname="runnervm3jyl0" time="1.139">
  <properties/>
  <testcase name="dashboard_rendersWarningStatus_whenDaysAreHigh" classname="app.tinks.tink.haircut.HaircutScreenTest" time="0.15"/>
  <testcase name="dashboard_rendersFreshStatusAndHistory" classname="app.tinks.tink.haircut.HaircutScreenTest" time="0.143"/>
  <testcase name="fabClick_requestsAddDialog" classname="app.tinks.tink.haircut.HaircutScreenTest" time="0.104"/>
  <testcase name="addDialog_submitsValidHaircut" classname="app.tinks.tink.haircut.HaircutScreenTest" time="0.742"/>
  <system-out><![CDATA[]]></system-out>
  <system-err><![CDATA[]]></system-err>
</testsuite>
