<?xml version="1.0" encoding="UTF-8"?>
<testsuite name="app.tinks.tink.weight.WeightDtoTest" tests="2" skipped="0" failures="0" errors="0" timestamp="2026-05-19T10:03:08.815Z" hostname="runnervmrw5os" time="0.013">
  <properties/>
  <testcase name="toDomain_usesEpochForInvalidTimestamp" classname="app.tinks.tink.weight.WeightDtoTest" time="0.012"/>
  <testcase name="toDomain_parsesIsoTimestampToEpochMillis" classname="app.tinks.tink.weight.WeightDtoTest" time="0.001"/>
  <system-out><![CDATA[]]></system-out>
  <system-err><![CDATA[]]></system-err>
</testsuite>
