<?xml version="1.0" encoding="UTF-8"?>
<testsuite name="app.tinks.tink.weight.WeightScreenTest" tests="3" skipped="0" failures="0" errors="0" timestamp="2026-05-19T10:03:08.906Z" hostname="runnervmrw5os" time="0.826">
  <properties/>
  <testcase name="overview_invokesOpenHistory_whenHistoryButtonClicked" classname="app.tinks.tink.weight.WeightScreenTest" time="0.549"/>
  <testcase name="historyList_rendersWeightsAndInvokesDelete" classname="app.tinks.tink.weight.WeightScreenTest" time="0.154"/>
  <testcase name="historyList_rendersEmptyState" classname="app.tinks.tink.weight.WeightScreenTest" time="0.122"/>
  <system-out><![CDATA[]]></system-out>
  <system-err><![CDATA[]]></system-err>
</testsuite>
