<?xml version="1.0" encoding="UTF-8"?>
<testsuite name="app.tinks.tink.weight.WeightStateTest" tests="3" skipped="0" failures="0" errors="0" timestamp="2026-05-19T10:03:09.736Z" hostname="runnervmrw5os" time="0.007">
  <properties/>
  <testcase name="toUiState_filtersTrendWeightsToCurrentMonthByDefault" classname="app.tinks.tink.weight.WeightStateTest" time="0.005"/>
  <testcase name="toUiState_returnsAllTrendWeightsSortedByDate_whenAllRangeSelected" classname="app.tinks.tink.weight.WeightStateTest" time="0.001"/>
  <testcase name="toUiState_mapsCurrentWeightAndHistory" classname="app.tinks.tink.weight.WeightStateTest" time="0.0"/>
  <system-out><![CDATA[]]></system-out>
  <system-err><![CDATA[]]></system-err>
</testsuite>
