<?xml version="1.0" encoding="UTF-8"?>
<testsuite name="app.tinks.tink.lottery.LotteryScreenTest" tests="5" skipped="0" failures="0" errors="0" timestamp="2026-06-14T18:21:45.597Z" hostname="runnervm1li68" time="0.594">
  <properties/>
  <testcase name="dashboard_invokesCameraAndHistoryCallbacks" classname="app.tinks.tink.lottery.LotteryScreenTest" time="0.185"/>
  <testcase name="historyStats_rendersStatsAndDeleteAction" classname="app.tinks.tink.lottery.LotteryScreenTest" time="0.111"/>
  <testcase name="reviewScreen_rendersJsonAndSendsSaveEvent" classname="app.tinks.tink.lottery.LotteryScreenTest" time="0.147"/>
  <testcase name="hero_rendersWinningResult" classname="app.tinks.tink.lottery.LotteryScreenTest" time="0.07"/>
  <testcase name="readyTicket_invokesRevealAction" classname="app.tinks.tink.lottery.LotteryScreenTest" time="0.081"/>
  <system-out><![CDATA[]]></system-out>
  <system-err><![CDATA[]]></system-err>
</testsuite>
