<?xml version="1.0" encoding="UTF-8"?>
<testsuite name="app.tinks.tink.merriam.MerriamScreenTest" tests="3" skipped="0" failures="0" errors="0" timestamp="2026-06-14T18:21:46.249Z" hostname="runnervm1li68" time="0.418">
  <properties/>
  <testcase name="collapsedUnit_canBeExpanded" classname="app.tinks.tink.merriam.MerriamScreenTest" time="0.198"/>
  <testcase name="screen_rendersSummaryAndUnits" classname="app.tinks.tink.merriam.MerriamScreenTest" time="0.107"/>
  <testcase name="longClickRoot_invokesCompleteRoot" classname="app.tinks.tink.merriam.MerriamScreenTest" time="0.112"/>
  <system-out><![CDATA[]]></system-out>
  <system-err><![CDATA[]]></system-err>
</testsuite>
