<?xml version="1.0" encoding="UTF-8"?>
<testsuite name="app.tinks.tink.book.BookRepositoryTest" tests="3" skipped="0" failures="0" errors="0" timestamp="2026-06-14T18:21:31.927Z" hostname="runnervm1li68" time="0.523">
  <properties/>
  <testcase name="getBooks_passesSelectedCategoryToApi" classname="app.tinks.tink.book.BookRepositoryTest" time="0.489"/>
  <testcase name="addToReading_createsWishlistEntryThenStartsReading" classname="app.tinks.tink.book.BookRepositoryTest" time="0.022"/>
  <testcase name="searchBooks_usesBackendSearchAndMapsResult" classname="app.tinks.tink.book.BookRepositoryTest" time="0.011"/>
  <system-out><![CDATA[safeApiCall: calling api
safeApiCall: calling api
safeApiCall: calling api
]]></system-out>
  <system-err><![CDATA[]]></system-err>
</testsuite>
