<?xml version="1.0" encoding="UTF-8"?>
<testsuite name="app.tinks.tink.lottery.LotteryRepositoryTest" tests="4" skipped="0" failures="0" errors="0" timestamp="2026-06-14T18:21:45.565Z" hostname="runnervm1li68" time="0.022">
  <properties/>
  <testcase name="createLottery_postsPayload" classname="app.tinks.tink.lottery.LotteryRepositoryTest" time="0.008"/>
  <testcase name="deleteLottery_callsDeleteEndpoint" classname="app.tinks.tink.lottery.LotteryRepositoryTest" time="0.004"/>
  <testcase name="getLotteryHistory_emitsLoadingThenSortedHistory" classname="app.tinks.tink.lottery.LotteryRepositoryTest" time="0.005"/>
  <testcase name="checkLottery_callsCheckEndpoint" classname="app.tinks.tink.lottery.LotteryRepositoryTest" time="0.005"/>
  <system-out><![CDATA[safeApiCall: calling api
safeApiCall: calling api
safeApiCall: calling api
safeApiCall: calling api
]]></system-out>
  <system-err><![CDATA[]]></system-err>
</testsuite>
