<?xml version="1.0" encoding="UTF-8"?>
<testsuite name="app.tinks.tink.time.TimeScreenTest" tests="4" skipped="0" failures="0" errors="0" timestamp="2026-06-14T18:21:47.013Z" hostname="runnervm1li68" time="1.162">
  <properties/>
  <testcase name="editorEditLabelsButton_requestsLabelManager" classname="app.tinks.tink.time.TimeScreenTest" time="0.263"/>
  <testcase name="dashboard_rendersEmptySelectedRange" classname="app.tinks.tink.time.TimeScreenTest" time="0.102"/>
  <testcase name="dateFields_openDatePickerDialog" classname="app.tinks.tink.time.TimeScreenTest" time="0.643"/>
  <testcase name="editorLabelChip_appliesLabel" classname="app.tinks.tink.time.TimeScreenTest" time="0.153"/>
  <system-out><![CDATA[]]></system-out>
  <system-err><![CDATA[]]></system-err>
</testsuite>
