<?xml version="1.0" encoding="UTF-8"?>
<testsuite name="app.tinks.tink.lottery.LotteryViewModelTest" tests="6" skipped="0" failures="0" errors="0" timestamp="2026-06-14T18:21:46.193Z" hostname="runnervm1li68" time="0.034">
  <properties/>
  <testcase name="init_loadsHistoryAndBuildsActiveReadyTicket" classname="app.tinks.tink.lottery.LotteryViewModelTest" time="0.017"/>
  <testcase name="saveDraft_postsLotteryAndRefreshesHistory" classname="app.tinks.tink.lottery.LotteryViewModelTest" time="0.005"/>
  <testcase name="capturePreview_opensEditableReviewDraft" classname="app.tinks.tink.lottery.LotteryViewModelTest" time="0.003"/>
  <testcase name="stateStats_mergeHistoryAndStats" classname="app.tinks.tink.lottery.LotteryViewModelTest" time="0.001"/>
  <testcase name="checkWinningLottery_updatesTicketAndShowsHero" classname="app.tinks.tink.lottery.LotteryViewModelTest" time="0.005"/>
  <testcase name="invalidDraft_keepsReviewOpenWithError" classname="app.tinks.tink.lottery.LotteryViewModelTest" time="0.003"/>
  <system-out><![CDATA[]]></system-out>
  <system-err><![CDATA[]]></system-err>
</testsuite>
