<?xml version="1.0" encoding="UTF-8"?>
<testsuite name="app.tinks.tink.geography.GeographyScreenTest" tests="2" skipped="0" failures="0" errors="0" timestamp="2026-06-14T18:21:44.008Z" hostname="runnervm1li68" time="0.717">
  <properties/>
  <testcase name="browseSearch_opensCountryDetailAndFullScreenImage" classname="app.tinks.tink.geography.GeographyScreenTest" time="0.555"/>
  <testcase name="quizMode_switchesQuestionTypes" classname="app.tinks.tink.geography.GeographyScreenTest" time="0.161"/>
  <system-out><![CDATA[]]></system-out>
  <system-err><![CDATA[]]></system-err>
</testsuite>
