<?xml version="1.0" encoding="UTF-8"?>
<testsuite name="app.tinks.tink.book.BookScreenTest" tests="10" skipped="0" failures="0" errors="0" timestamp="2026-06-14T18:21:35.543Z" hostname="runnervm1li68" time="8.248">
  <properties/>
  <testcase name="archivedList_statusChipRequestsFiltering" classname="app.tinks.tink.book.BookScreenTest" time="6.706"/>
  <testcase name="yearlySummary_showsTitleListWithoutAuthors" classname="app.tinks.tink.book.BookScreenTest" time="0.216"/>
  <testcase name="secondaryShelf_displaysBackArrowAndRequestsNavigationBack" classname="app.tinks.tink.book.BookScreenTest" time="0.136"/>
  <testcase name="home_opensDoneArchiveListFromSummary" classname="app.tinks.tink.book.BookScreenTest" time="0.414"/>
  <testcase name="platformChip_isShownForReadingBooks" classname="app.tinks.tink.book.BookScreenTest" time="0.12"/>
  <testcase name="home_opensReadingShelfFromIconSummary" classname="app.tinks.tink.book.BookScreenTest" time="0.139"/>
  <testcase name="platformChip_isHiddenForWishlistBooks" classname="app.tinks.tink.book.BookScreenTest" time="0.124"/>
  <testcase name="home_opensYearlyReadingSummary" classname="app.tinks.tink.book.BookScreenTest" time="0.173"/>
  <testcase name="shelf_categoryChipRequestsFiltering" classname="app.tinks.tink.book.BookScreenTest" time="0.112"/>
  <testcase name="readingProgress_prefersCurrentPageOverStalePercentage" classname="app.tinks.tink.book.BookScreenTest" time="0.106"/>
  <system-out><![CDATA[]]></system-out>
  <system-err><![CDATA[]]></system-err>
</testsuite>
