<?xml version="1.0" encoding="UTF-8"?>
<testsuite name="app.tinks.tink.haircut.HaircutScreenTest" tests="4" skipped="0" failures="0" errors="0" timestamp="2026-06-14T18:21:44.758Z" hostname="runnervm1li68" time="0.743">
  <properties/>
  <testcase name="dashboard_rendersWarningStatus_whenDaysAreHigh" classname="app.tinks.tink.haircut.HaircutScreenTest" time="0.098"/>
  <testcase name="dashboard_rendersFreshStatusAndHistory" classname="app.tinks.tink.haircut.HaircutScreenTest" time="0.097"/>
  <testcase name="fabClick_requestsAddDialog" classname="app.tinks.tink.haircut.HaircutScreenTest" time="0.071"/>
  <testcase name="addDialog_submitsValidHaircut" classname="app.tinks.tink.haircut.HaircutScreenTest" time="0.477"/>
  <system-out><![CDATA[]]></system-out>
  <system-err><![CDATA[]]></system-err>
</testsuite>
