<?xml version="1.0" encoding="UTF-8"?>
<testsuite name="app.tinks.tink.lottery.LotteryPrizeClassifierTest" tests="2" skipped="0" failures="0" errors="0" timestamp="2026-06-14T18:21:45.561Z" hostname="runnervm1li68" time="0.003">
  <properties/>
  <testcase name="classify_countsUnorderedNumberMatches" classname="app.tinks.tink.lottery.LotteryPrizeClassifierTest" time="0.003"/>
  <testcase name="classify_coversDaLeTouPrizeTiers" classname="app.tinks.tink.lottery.LotteryPrizeClassifierTest" time="0.0"/>
  <system-out><![CDATA[]]></system-out>
  <system-err><![CDATA[]]></system-err>
</testsuite>
