<?xml version="1.0" encoding="UTF-8"?>
<testsuite name="app.tinks.tink.weight.WeightViewModelTest" tests="5" skipped="0" failures="0" errors="0" timestamp="2026-05-19T10:42:44.199Z" hostname="runnervmrw5os" time="0.043">
  <properties/>
  <testcase name="init_loadsWeightsAndUsesLatestAsDraft" classname="app.tinks.tink.weight.WeightViewModelTest" time="0.028"/>
  <testcase name="deleteWeight_deletesAndRefreshesWeights" classname="app.tinks.tink.weight.WeightViewModelTest" time="0.005"/>
  <testcase name="changeSelectedTrendIndex_updatesUiState" classname="app.tinks.tink.weight.WeightViewModelTest" time="0.003"/>
  <testcase name="addWeight_postsDraftAndRefreshesWeights" classname="app.tinks.tink.weight.WeightViewModelTest" time="0.004"/>
  <testcase name="adjustWeight_marksDraftChanged" classname="app.tinks.tink.weight.WeightViewModelTest" time="0.003"/>
  <system-out><![CDATA[]]></system-out>
  <system-err><![CDATA[]]></system-err>
</testsuite>
