<?xml version="1.0" encoding="UTF-8"?>
<testsuite name="app.tinks.tink.haircut.HaircutRepositoryTest" tests="4" skipped="0" failures="0" errors="0" timestamp="2026-05-22T06:33:34.265Z" hostname="runnervmg397c" time="0.445">
  <properties/>
  <testcase name="deleteHaircut_callsApiWithId" classname="app.tinks.tink.haircut.HaircutRepositoryTest" time="0.418"/>
  <testcase name="getHaircuts_emitsLoadingThenSuccess_sortedByDateDescending" classname="app.tinks.tink.haircut.HaircutRepositoryTest" time="0.015"/>
  <testcase name="addHaircut_postsCreatePayload" classname="app.tinks.tink.haircut.HaircutRepositoryTest" time="0.006"/>
  <testcase name="getHaircuts_emitsError_whenApiThrows" classname="app.tinks.tink.haircut.HaircutRepositoryTest" time="0.005"/>
  <system-out><![CDATA[safeApiCall: calling api
safeApiCall: calling api
safeApiCall: calling api
safeApiCall: calling api
safeApiCall caught exception: boom
]]></system-out>
  <system-err><![CDATA[]]></system-err>
</testsuite>
