<?xml version="1.0" encoding="UTF-8"?>
<testsuite name="app.tinks.tink.merriam.MerriamRepositoryTest" tests="3" skipped="0" failures="0" errors="0" timestamp="2026-05-22T06:33:46.261Z" hostname="runnervmg397c" time="0.014">
  <properties/>
  <testcase name="addMerriamRecords_emitsLoadingThenSuccess_andCallsApi" classname="app.tinks.tink.merriam.MerriamRepositoryTest" time="0.008"/>
  <testcase name="getMerriamStat_emitsLoadingThenSuccess" classname="app.tinks.tink.merriam.MerriamRepositoryTest" time="0.004"/>
  <testcase name="getMerriamStat_emitsLoadingThenError_whenApiThrows" classname="app.tinks.tink.merriam.MerriamRepositoryTest" time="0.002"/>
  <system-out><![CDATA[safeApiCall: calling api
safeApiCall: calling api
safeApiCall: calling api
API call failed with exception: no network
Exception stack trace: java.io.IOException: no network
safeApiCall caught exception: no network
]]></system-out>
  <system-err><![CDATA[]]></system-err>
</testsuite>
