<?xml version="1.0" encoding="UTF-8"?>
<testsuite name="app.tinks.tink.weight.WeightRepositoryTest" tests="4" skipped="0" failures="0" errors="0" timestamp="2026-05-22T06:33:46.501Z" hostname="runnervmg397c" time="0.022">
  <properties/>
  <testcase name="addWeight_postsCreatePayload" classname="app.tinks.tink.weight.WeightRepositoryTest" time="0.008"/>
  <testcase name="deleteWeight_callsApiWithWeightId" classname="app.tinks.tink.weight.WeightRepositoryTest" time="0.005"/>
  <testcase name="getWeights_emitsLoadingThenSuccess_withWeightsSortedDescending" classname="app.tinks.tink.weight.WeightRepositoryTest" time="0.005"/>
  <testcase name="getWeights_emitsError_whenApiThrows" classname="app.tinks.tink.weight.WeightRepositoryTest" time="0.004"/>
  <system-out><![CDATA[safeApiCall: calling api
safeApiCall: calling api
safeApiCall: calling api
safeApiCall: calling api
safeApiCall caught exception: boom
]]></system-out>
  <system-err><![CDATA[]]></system-err>
</testsuite>
