<?xml version="1.0" encoding="UTF-8"?>
<testsuite name="app.tinks.tink.weight.WeightDtoTest" tests="2" skipped="0" failures="0" errors="0" timestamp="2026-05-22T06:33:46.494Z" hostname="runnervmg397c" time="0.006">
  <properties/>
  <testcase name="toDomain_usesEpochForInvalidTimestamp" classname="app.tinks.tink.weight.WeightDtoTest" time="0.005"/>
  <testcase name="toDomain_parsesIsoTimestampToEpochMillis" classname="app.tinks.tink.weight.WeightDtoTest" time="0.001"/>
  <system-out><![CDATA[]]></system-out>
  <system-err><![CDATA[]]></system-err>
</testsuite>
